Pre  Order : 20(a) 
In   Order : 20(a) 
Post Order : 20(a) 
Count      : 1
Height      : 1

Pre  Order : 
In   Order : 
Post Order : 
Count      : 0
Height      : 0

Cannot Delete, Non Existing Key
Pre  Order : 
In   Order : 
Post Order : 
Count      : 0
Height      : 0

Pre  Order : 20(b) 
In   Order : 20(b) 
Post Order : 20(b) 
Count      : 1
Height      : 1

Item 20 b
Pre  Order : 20(b) 
In   Order : 20(b) 
Post Order : 20(b) 
Count      : 1
Height      : 1

Pre  Order : 20(b) 10(c) 
In   Order : 10(c) 20(b) 
Post Order : 10(c) 20(b) 
Count      : 2
Height      : 2

Item 10 c
Pre  Order : 20(b) 10(c) 
In   Order : 10(c) 20(b) 
Post Order : 10(c) 20(b) 
Count      : 2
Height      : 2

Pre  Order : 20(b) 10(c) 40(d) 
In   Order : 10(c) 20(b) 40(d) 
Post Order : 10(c) 40(d) 20(b) 
Count      : 3
Height      : 2

Pre  Order : 20(b) 10(c) 6(f) 40(d) 
In   Order : 6(f) 10(c) 20(b) 40(d) 
Post Order : 6(f) 10(c) 40(d) 20(b) 
Count      : 4
Height      : 3

Pre  Order : 20(b) 10(c) 6(f) 15(e) 40(d) 
In   Order : 6(f) 10(c) 15(e) 20(b) 40(d) 
Post Order : 6(f) 15(e) 10(c) 40(d) 20(b) 
Count      : 5
Height      : 3

Item 10 c
Pre  Order : 20(b) 10(c) 6(f) 15(e) 40(d) 
In   Order : 6(f) 10(c) 15(e) 20(b) 40(d) 
Post Order : 6(f) 15(e) 10(c) 40(d) 20(b) 
Count      : 5
Height      : 3

Pre  Order : 20(b) 10(c) 6(f) 15(e) 40(d) 30(6) 
In   Order : 6(f) 10(c) 15(e) 20(b) 30(6) 40(d) 
Post Order : 6(f) 15(e) 10(c) 30(6) 40(d) 20(b) 
Count      : 6
Height      : 3

Pre  Order : 20(b) 10(c) 6(f) 2(k) 15(e) 40(d) 30(6) 
In   Order : 2(k) 6(f) 10(c) 15(e) 20(b) 30(6) 40(d) 
Post Order : 2(k) 6(f) 15(e) 10(c) 30(6) 40(d) 20(b) 
Count      : 7
Height      : 4

Key Updated
Pre  Order : 20(b) 10(c) 6(f) 2(j) 15(e) 40(d) 30(6) 
In   Order : 2(j) 6(f) 10(c) 15(e) 20(b) 30(6) 40(d) 
Post Order : 2(j) 6(f) 15(e) 10(c) 30(6) 40(d) 20(b) 
Count      : 7
Height      : 4

Pre  Order : 20(b) 10(c) 6(f) 2(j) 8(i) 15(e) 40(d) 30(6) 
In   Order : 2(j) 6(f) 8(i) 10(c) 15(e) 20(b) 30(6) 40(d) 
Post Order : 2(j) 8(i) 6(f) 15(e) 10(c) 30(6) 40(d) 20(b) 
Count      : 8
Height      : 4

Pre  Order : 20(b) 10(c) 6(f) 2(j) 8(i) 15(e) 40(d) 30(6) 25(m) 
In   Order : 2(j) 6(f) 8(i) 10(c) 15(e) 20(b) 25(m) 30(6) 40(d) 
Post Order : 2(j) 8(i) 6(f) 15(e) 10(c) 25(m) 30(6) 40(d) 20(b) 
Count      : 9
Height      : 4

Item 30 6
Pre  Order : 20(b) 10(c) 6(f) 2(j) 8(i) 15(e) 40(d) 30(6) 25(m) 
In   Order : 2(j) 6(f) 8(i) 10(c) 15(e) 20(b) 25(m) 30(6) 40(d) 
Post Order : 2(j) 8(i) 6(f) 15(e) 10(c) 25(m) 30(6) 40(d) 20(b) 
Count      : 9
Height      : 4

Pre  Order : 20(b) 10(c) 6(f) 2(j) 8(i) 15(e) 40(d) 30(6) 25(m) 35(n) 
In   Order : 2(j) 6(f) 8(i) 10(c) 15(e) 20(b) 25(m) 30(6) 35(n) 40(d) 
Post Order : 2(j) 8(i) 6(f) 15(e) 10(c) 25(m) 35(n) 30(6) 40(d) 20(b) 
Count      : 10
Height      : 4

Pre  Order : 20(b) 10(c) 6(f) 2(j) 8(i) 7(o) 15(e) 40(d) 30(6) 25(m) 35(n) 
In   Order : 2(j) 6(f) 7(o) 8(i) 10(c) 15(e) 20(b) 25(m) 30(6) 35(n) 40(d) 
Post Order : 2(j) 7(o) 8(i) 6(f) 15(e) 10(c) 25(m) 35(n) 30(6) 40(d) 20(b) 
Count      : 11
Height      : 5

Pre  Order : 20(b) 10(c) 6(f) 2(j) 8(i) 7(o) 15(e) 18(p) 40(d) 30(6) 25(m) 35(n) 
In   Order : 2(j) 6(f) 7(o) 8(i) 10(c) 15(e) 18(p) 20(b) 25(m) 30(6) 35(n) 40(d) 
Post Order : 2(j) 7(o) 8(i) 6(f) 18(p) 15(e) 10(c) 25(m) 35(n) 30(6) 40(d) 20(b) 
Count      : 12
Height      : 5

Key Updated
Pre  Order : 20(b) 10(c) 6(f) 2(j) 8(i) 7(o) 15(e) 18(p) 40(d) 30(6) 25(i) 35(n) 
In   Order : 2(j) 6(f) 7(o) 8(i) 10(c) 15(e) 18(p) 20(b) 25(i) 30(6) 35(n) 40(d) 
Post Order : 2(j) 7(o) 8(i) 6(f) 18(p) 15(e) 10(c) 25(i) 35(n) 30(6) 40(d) 20(b) 
Count      : 12
Height      : 5

Pre  Order : 20(b) 10(c) 6(f) 2(j) 8(i) 15(e) 18(p) 40(d) 30(6) 25(i) 35(n) 
In   Order : 2(j) 6(f) 8(i) 10(c) 15(e) 18(p) 20(b) 25(i) 30(6) 35(n) 40(d) 
Post Order : 2(j) 8(i) 6(f) 18(p) 15(e) 10(c) 25(i) 35(n) 30(6) 40(d) 20(b) 
Count      : 11
Height      : 4

Pre  Order : 20(b) 10(c) 6(f) 2(j) 8(i) 7(q) 15(e) 18(p) 40(d) 30(6) 25(i) 35(n) 
In   Order : 2(j) 6(f) 7(q) 8(i) 10(c) 15(e) 18(p) 20(b) 25(i) 30(6) 35(n) 40(d) 
Post Order : 2(j) 7(q) 8(i) 6(f) 18(p) 15(e) 10(c) 25(i) 35(n) 30(6) 40(d) 20(b) 
Count      : 12
Height      : 5

Pre  Order : 20(b) 10(c) 6(f) 2(j) 8(i) 7(q) 15(e) 18(p) 40(d) 30(6) 25(i) 
In   Order : 2(j) 6(f) 7(q) 8(i) 10(c) 15(e) 18(p) 20(b) 25(i) 30(6) 40(d) 
Post Order : 2(j) 7(q) 8(i) 6(f) 18(p) 15(e) 10(c) 25(i) 30(6) 40(d) 20(b) 
Count      : 11
Height      : 5

Pre  Order : 20(b) 10(c) 6(f) 2(j) 8(i) 7(q) 15(e) 18(p) 40(d) 30(6) 25(i) 35(r) 
In   Order : 2(j) 6(f) 7(q) 8(i) 10(c) 15(e) 18(p) 20(b) 25(i) 30(6) 35(r) 40(d) 
Post Order : 2(j) 7(q) 8(i) 6(f) 18(p) 15(e) 10(c) 25(i) 35(r) 30(6) 40(d) 20(b) 
Count      : 12
Height      : 5

Cannot Delete, Non Existing Key
Pre  Order : 20(b) 10(c) 6(f) 2(j) 8(i) 7(q) 15(e) 18(p) 40(d) 30(6) 25(i) 35(r) 
In   Order : 2(j) 6(f) 7(q) 8(i) 10(c) 15(e) 18(p) 20(b) 25(i) 30(6) 35(r) 40(d) 
Post Order : 2(j) 7(q) 8(i) 6(f) 18(p) 15(e) 10(c) 25(i) 35(r) 30(6) 40(d) 20(b) 
Count      : 12
Height      : 5

Item 15 e
Pre  Order : 20(b) 10(c) 6(f) 2(j) 8(i) 7(q) 15(e) 18(p) 40(d) 30(6) 25(i) 35(r) 
In   Order : 2(j) 6(f) 7(q) 8(i) 10(c) 15(e) 18(p) 20(b) 25(i) 30(6) 35(r) 40(d) 
Post Order : 2(j) 7(q) 8(i) 6(f) 18(p) 15(e) 10(c) 25(i) 35(r) 30(6) 40(d) 20(b) 
Count      : 12
Height      : 5

Pre  Order : 20(b) 10(c) 6(f) 2(j) 8(i) 7(q) 15(e) 18(p) 30(6) 25(i) 35(r) 
In   Order : 2(j) 6(f) 7(q) 8(i) 10(c) 15(e) 18(p) 20(b) 25(i) 30(6) 35(r) 
Post Order : 2(j) 7(q) 8(i) 6(f) 18(p) 15(e) 10(c) 25(i) 35(r) 30(6) 20(b) 
Count      : 11
Height      : 5

Item 10 c
Pre  Order : 20(b) 10(c) 6(f) 2(j) 8(i) 7(q) 15(e) 18(p) 30(6) 25(i) 35(r) 
In   Order : 2(j) 6(f) 7(q) 8(i) 10(c) 15(e) 18(p) 20(b) 25(i) 30(6) 35(r) 
Post Order : 2(j) 7(q) 8(i) 6(f) 18(p) 15(e) 10(c) 25(i) 35(r) 30(6) 20(b) 
Count      : 11
Height      : 5

Pre  Order : 20(b) 10(c) 6(f) 2(j) 8(i) 7(q) 15(e) 18(p) 30(6) 25(i) 35(r) 40(s) 
In   Order : 2(j) 6(f) 7(q) 8(i) 10(c) 15(e) 18(p) 20(b) 25(i) 30(6) 35(r) 40(s) 
Post Order : 2(j) 7(q) 8(i) 6(f) 18(p) 15(e) 10(c) 25(i) 40(s) 35(r) 30(6) 20(b) 
Count      : 12
Height      : 5

Item 40 s
Pre  Order : 20(b) 10(c) 6(f) 2(j) 8(i) 7(q) 15(e) 18(p) 30(6) 25(i) 35(r) 40(s) 
In   Order : 2(j) 6(f) 7(q) 8(i) 10(c) 15(e) 18(p) 20(b) 25(i) 30(6) 35(r) 40(s) 
Post Order : 2(j) 7(q) 8(i) 6(f) 18(p) 15(e) 10(c) 25(i) 40(s) 35(r) 30(6) 20(b) 
Count      : 12
Height      : 5

Pre  Order : 20(b) 10(c) 6(f) 2(j) 8(i) 7(q) 18(p) 30(6) 25(i) 35(r) 40(s) 
In   Order : 2(j) 6(f) 7(q) 8(i) 10(c) 18(p) 20(b) 25(i) 30(6) 35(r) 40(s) 
Post Order : 2(j) 7(q) 8(i) 6(f) 18(p) 10(c) 25(i) 40(s) 35(r) 30(6) 20(b) 
Count      : 11
Height      : 5

Item 35 r
Pre  Order : 20(b) 10(c) 6(f) 2(j) 8(i) 7(q) 18(p) 30(6) 25(i) 35(r) 40(s) 
In   Order : 2(j) 6(f) 7(q) 8(i) 10(c) 18(p) 20(b) 25(i) 30(6) 35(r) 40(s) 
Post Order : 2(j) 7(q) 8(i) 6(f) 18(p) 10(c) 25(i) 40(s) 35(r) 30(6) 20(b) 
Count      : 11
Height      : 5

Pre  Order : 20(b) 10(c) 6(f) 2(j) 8(i) 7(q) 18(p) 15(t) 30(6) 25(i) 35(r) 40(s) 
In   Order : 2(j) 6(f) 7(q) 8(i) 10(c) 15(t) 18(p) 20(b) 25(i) 30(6) 35(r) 40(s) 
Post Order : 2(j) 7(q) 8(i) 6(f) 15(t) 18(p) 10(c) 25(i) 40(s) 35(r) 30(6) 20(b) 
Count      : 12
Height      : 5

Pre  Order : 20(b) 15(t) 6(f) 2(j) 8(i) 7(q) 18(p) 30(6) 25(i) 35(r) 40(s) 
In   Order : 2(j) 6(f) 7(q) 8(i) 15(t) 18(p) 20(b) 25(i) 30(6) 35(r) 40(s) 
Post Order : 2(j) 7(q) 8(i) 6(f) 18(p) 15(t) 25(i) 40(s) 35(r) 30(6) 20(b) 
Count      : 11
Height      : 5

Item 20 b
Pre  Order : 20(b) 15(t) 6(f) 2(j) 8(i) 7(q) 18(p) 30(6) 25(i) 35(r) 40(s) 
In   Order : 2(j) 6(f) 7(q) 8(i) 15(t) 18(p) 20(b) 25(i) 30(6) 35(r) 40(s) 
Post Order : 2(j) 7(q) 8(i) 6(f) 18(p) 15(t) 25(i) 40(s) 35(r) 30(6) 20(b) 
Count      : 11
Height      : 5

Pre  Order : 20(b) 15(t) 6(f) 2(j) 8(i) 7(q) 10(u) 18(p) 30(6) 25(i) 35(r) 40(s) 
In   Order : 2(j) 6(f) 7(q) 8(i) 10(u) 15(t) 18(p) 20(b) 25(i) 30(6) 35(r) 40(s) 
Post Order : 2(j) 7(q) 10(u) 8(i) 6(f) 18(p) 15(t) 25(i) 40(s) 35(r) 30(6) 20(b) 
Count      : 12
Height      : 5

Item 7 q
Pre  Order : 20(b) 15(t) 6(f) 2(j) 8(i) 7(q) 10(u) 18(p) 30(6) 25(i) 35(r) 40(s) 
In   Order : 2(j) 6(f) 7(q) 8(i) 10(u) 15(t) 18(p) 20(b) 25(i) 30(6) 35(r) 40(s) 
Post Order : 2(j) 7(q) 10(u) 8(i) 6(f) 18(p) 15(t) 25(i) 40(s) 35(r) 30(6) 20(b) 
Count      : 12
Height      : 5

Pre  Order : 25(i) 15(t) 6(f) 2(j) 8(i) 7(q) 10(u) 18(p) 30(6) 35(r) 40(s) 
In   Order : 2(j) 6(f) 7(q) 8(i) 10(u) 15(t) 18(p) 25(i) 30(6) 35(r) 40(s) 
Post Order : 2(j) 7(q) 10(u) 8(i) 6(f) 18(p) 15(t) 40(s) 35(r) 30(6) 25(i) 
Count      : 11
Height      : 5

Item 15 t
Pre  Order : 25(i) 15(t) 6(f) 2(j) 8(i) 7(q) 10(u) 18(p) 30(6) 35(r) 40(s) 
In   Order : 2(j) 6(f) 7(q) 8(i) 10(u) 15(t) 18(p) 25(i) 30(6) 35(r) 40(s) 
Post Order : 2(j) 7(q) 10(u) 8(i) 6(f) 18(p) 15(t) 40(s) 35(r) 30(6) 25(i) 
Count      : 11
Height      : 5

Pre  Order : 25(i) 15(t) 6(f) 2(j) 8(i) 7(q) 10(u) 18(p) 20(v) 30(6) 35(r) 40(s) 
In   Order : 2(j) 6(f) 7(q) 8(i) 10(u) 15(t) 18(p) 20(v) 25(i) 30(6) 35(r) 40(s) 
Post Order : 2(j) 7(q) 10(u) 8(i) 6(f) 20(v) 18(p) 15(t) 40(s) 35(r) 30(6) 25(i) 
Count      : 12
Height      : 5

Item 2 j
Pre  Order : 25(i) 15(t) 6(f) 2(j) 8(i) 7(q) 10(u) 18(p) 20(v) 30(6) 35(r) 40(s) 
In   Order : 2(j) 6(f) 7(q) 8(i) 10(u) 15(t) 18(p) 20(v) 25(i) 30(6) 35(r) 40(s) 
Post Order : 2(j) 7(q) 10(u) 8(i) 6(f) 20(v) 18(p) 15(t) 40(s) 35(r) 30(6) 25(i) 
Count      : 12
Height      : 5

Pre  Order : 25(i) 15(t) 6(f) 2(j) 8(i) 7(q) 10(u) 18(p) 16(k) 20(v) 30(6) 35(r) 40(s) 
In   Order : 2(j) 6(f) 7(q) 8(i) 10(u) 15(t) 16(k) 18(p) 20(v) 25(i) 30(6) 35(r) 40(s) 
Post Order : 2(j) 7(q) 10(u) 8(i) 6(f) 16(k) 20(v) 18(p) 15(t) 40(s) 35(r) 30(6) 25(i) 
Count      : 13
Height      : 5

Pre  Order : 25(i) 15(t) 6(f) 2(j) 8(i) 7(q) 10(u) 18(p) 16(k) 17(g) 20(v) 30(6) 35(r) 40(s) 
In   Order : 2(j) 6(f) 7(q) 8(i) 10(u) 15(t) 16(k) 17(g) 18(p) 20(v) 25(i) 30(6) 35(r) 40(s) 
Post Order : 2(j) 7(q) 10(u) 8(i) 6(f) 17(g) 16(k) 20(v) 18(p) 15(t) 40(s) 35(r) 30(6) 25(i) 
Count      : 14
Height      : 5

Pre  Order : 25(i) 16(k) 6(f) 2(j) 8(i) 7(q) 10(u) 18(p) 17(g) 20(v) 30(6) 35(r) 40(s) 
In   Order : 2(j) 6(f) 7(q) 8(i) 10(u) 16(k) 17(g) 18(p) 20(v) 25(i) 30(6) 35(r) 40(s) 
Post Order : 2(j) 7(q) 10(u) 8(i) 6(f) 17(g) 20(v) 18(p) 16(k) 40(s) 35(r) 30(6) 25(i) 
Count      : 13
Height      : 5

Pre  Order : 25(i) 16(k) 6(f) 2(j) 8(i) 7(q) 10(u) 18(p) 17(g) 20(v) 30(6) 26(t) 35(r) 40(s) 
In   Order : 2(j) 6(f) 7(q) 8(i) 10(u) 16(k) 17(g) 18(p) 20(v) 25(i) 26(t) 30(6) 35(r) 40(s) 
Post Order : 2(j) 7(q) 10(u) 8(i) 6(f) 17(g) 20(v) 18(p) 16(k) 26(t) 40(s) 35(r) 30(6) 25(i) 
Count      : 14
Height      : 5

Pre  Order : 25(i) 16(k) 6(f) 2(j) 8(i) 7(q) 10(u) 18(p) 17(g) 20(v) 30(6) 26(t) 35(r) 32(u) 40(s) 
In   Order : 2(j) 6(f) 7(q) 8(i) 10(u) 16(k) 17(g) 18(p) 20(v) 25(i) 26(t) 30(6) 32(u) 35(r) 40(s) 
Post Order : 2(j) 7(q) 10(u) 8(i) 6(f) 17(g) 20(v) 18(p) 16(k) 26(t) 32(u) 40(s) 35(r) 30(6) 25(i) 
Count      : 15
Height      : 5

Pre  Order : 25(i) 16(k) 6(f) 2(j) 8(i) 7(q) 10(u) 18(p) 17(g) 20(v) 32(u) 26(t) 35(r) 40(s) 
In   Order : 2(j) 6(f) 7(q) 8(i) 10(u) 16(k) 17(g) 18(p) 20(v) 25(i) 26(t) 32(u) 35(r) 40(s) 
Post Order : 2(j) 7(q) 10(u) 8(i) 6(f) 17(g) 20(v) 18(p) 16(k) 26(t) 40(s) 35(r) 32(u) 25(i) 
Count      : 14
Height      : 5

Pre  Order : 25(i) 16(k) 6(f) 2(j) 8(i) 7(q) 10(u) 18(p) 17(g) 20(v) 32(u) 26(t) 35(r) 33(r) 40(s) 
In   Order : 2(j) 6(f) 7(q) 8(i) 10(u) 16(k) 17(g) 18(p) 20(v) 25(i) 26(t) 32(u) 33(r) 35(r) 40(s) 
Post Order : 2(j) 7(q) 10(u) 8(i) 6(f) 17(g) 20(v) 18(p) 16(k) 26(t) 33(r) 40(s) 35(r) 32(u) 25(i) 
Count      : 15
Height      : 5

Pre  Order : 25(i) 16(k) 6(f) 2(j) 8(i) 7(q) 10(u) 18(p) 17(g) 20(v) 32(u) 26(t) 35(r) 33(r) 34(w) 40(s) 
In   Order : 2(j) 6(f) 7(q) 8(i) 10(u) 16(k) 17(g) 18(p) 20(v) 25(i) 26(t) 32(u) 33(r) 34(w) 35(r) 40(s) 
Post Order : 2(j) 7(q) 10(u) 8(i) 6(f) 17(g) 20(v) 18(p) 16(k) 26(t) 34(w) 33(r) 40(s) 35(r) 32(u) 25(i) 
Count      : 16
Height      : 5

Pre  Order : 25(i) 16(k) 6(f) 2(j) 8(i) 7(q) 10(u) 18(p) 17(g) 20(v) 32(u) 26(t) 35(r) 34(w) 40(s) 
In   Order : 2(j) 6(f) 7(q) 8(i) 10(u) 16(k) 17(g) 18(p) 20(v) 25(i) 26(t) 32(u) 34(w) 35(r) 40(s) 
Post Order : 2(j) 7(q) 10(u) 8(i) 6(f) 17(g) 20(v) 18(p) 16(k) 26(t) 34(w) 40(s) 35(r) 32(u) 25(i) 
Count      : 15
Height      : 5

Pre  Order : 25(i) 16(k) 6(f) 2(j) 8(i) 7(q) 10(u) 18(p) 17(g) 20(v) 32(u) 26(t) 35(r) 34(w) 33(q) 40(s) 
In   Order : 2(j) 6(f) 7(q) 8(i) 10(u) 16(k) 17(g) 18(p) 20(v) 25(i) 26(t) 32(u) 33(q) 34(w) 35(r) 40(s) 
Post Order : 2(j) 7(q) 10(u) 8(i) 6(f) 17(g) 20(v) 18(p) 16(k) 26(t) 33(q) 34(w) 40(s) 35(r) 32(u) 25(i) 
Count      : 16
Height      : 5

Pre  Order : 25(i) 16(k) 6(f) 2(j) 8(i) 7(q) 10(u) 18(p) 17(g) 20(v) 32(u) 26(t) 35(r) 34(w) 40(s) 
In   Order : 2(j) 6(f) 7(q) 8(i) 10(u) 16(k) 17(g) 18(p) 20(v) 25(i) 26(t) 32(u) 34(w) 35(r) 40(s) 
Post Order : 2(j) 7(q) 10(u) 8(i) 6(f) 17(g) 20(v) 18(p) 16(k) 26(t) 34(w) 40(s) 35(r) 32(u) 25(i) 
Count      : 15
Height      : 5

Pre  Order : 25(i) 16(k) 6(f) 2(j) 8(i) 7(q) 10(u) 18(p) 17(g) 20(v) 32(u) 26(t) 35(r) 34(w) 33(r) 40(s) 
In   Order : 2(j) 6(f) 7(q) 8(i) 10(u) 16(k) 17(g) 18(p) 20(v) 25(i) 26(t) 32(u) 33(r) 34(w) 35(r) 40(s) 
Post Order : 2(j) 7(q) 10(u) 8(i) 6(f) 17(g) 20(v) 18(p) 16(k) 26(t) 33(r) 34(w) 40(s) 35(r) 32(u) 25(i) 
Count      : 16
Height      : 5

Pre  Order : 25(i) 16(k) 6(f) 2(j) 8(i) 7(q) 10(u) 18(p) 17(g) 20(v) 32(u) 26(t) 35(r) 33(r) 40(s) 
In   Order : 2(j) 6(f) 7(q) 8(i) 10(u) 16(k) 17(g) 18(p) 20(v) 25(i) 26(t) 32(u) 33(r) 35(r) 40(s) 
Post Order : 2(j) 7(q) 10(u) 8(i) 6(f) 17(g) 20(v) 18(p) 16(k) 26(t) 33(r) 40(s) 35(r) 32(u) 25(i) 
Count      : 15
Height      : 5

Pre  Order : 25(i) 16(k) 6(f) 2(j) 8(i) 7(q) 10(u) 18(p) 17(g) 20(v) 33(r) 26(t) 35(r) 40(s) 
In   Order : 2(j) 6(f) 7(q) 8(i) 10(u) 16(k) 17(g) 18(p) 20(v) 25(i) 26(t) 33(r) 35(r) 40(s) 
Post Order : 2(j) 7(q) 10(u) 8(i) 6(f) 17(g) 20(v) 18(p) 16(k) 26(t) 40(s) 35(r) 33(r) 25(i) 
Count      : 14
Height      : 5

Key Updated
Pre  Order : 25(i) 16(k) 6(f) 2(j) 8(i) 7(q) 10(u) 18(p) 17(g) 20(v) 33(r) 26(t) 35(z) 40(s) 
In   Order : 2(j) 6(f) 7(q) 8(i) 10(u) 16(k) 17(g) 18(p) 20(v) 25(i) 26(t) 33(r) 35(z) 40(s) 
Post Order : 2(j) 7(q) 10(u) 8(i) 6(f) 17(g) 20(v) 18(p) 16(k) 26(t) 40(s) 35(z) 33(r) 25(i) 
Count      : 14
Height      : 5

